Started GET "/" for 127.0.0.1 at 2017-02-16 10:36:26 -0700
Processing by Rails::WelcomeController#index as HTML
  Parameters: {"internal"=>true}
  Rendering c:/RailsInstaller/Ruby2.3.0/lib/ruby/gems/2.3.0/gems/railties-5.0.1/lib/rails/templates/rails/welcome/index.html.erb
  Rendered c:/RailsInstaller/Ruby2.3.0/lib/ruby/gems/2.3.0/gems/railties-5.0.1/lib/rails/templates/rails/welcome/index.html.erb (23.0ms)
Completed 200 OK in 222ms (Views: 128.8ms | ActiveRecord: 0.0ms)


Started GET "/" for 127.0.0.1 at 2017-02-16 10:39:34 -0700
Processing by Rails::WelcomeController#index as HTML
  Parameters: {"internal"=>true}
  Rendering c:/RailsInstaller/Ruby2.3.0/lib/ruby/gems/2.3.0/gems/railties-5.0.1/lib/rails/templates/rails/welcome/index.html.erb
  Rendered c:/RailsInstaller/Ruby2.3.0/lib/ruby/gems/2.3.0/gems/railties-5.0.1/lib/rails/templates/rails/welcome/index.html.erb (14.0ms)
Completed 200 OK in 125ms (Views: 65.8ms | ActiveRecord: 0.0ms)


Started GET "/" for 127.0.0.1 at 2017-02-16 11:31:51 -0700
Processing by Rails::WelcomeController#index as HTML
  Parameters: {"internal"=>true}
  Rendering c:/RailsInstaller/Ruby2.3.0/lib/ruby/gems/2.3.0/gems/railties-5.0.1/lib/rails/templates/rails/welcome/index.html.erb
  Rendered c:/RailsInstaller/Ruby2.3.0/lib/ruby/gems/2.3.0/gems/railties-5.0.1/lib/rails/templates/rails/welcome/index.html.erb (7.0ms)
Completed 200 OK in 98ms (Views: 51.1ms | ActiveRecord: 0.0ms)


Started GET "/" for 127.0.0.1 at 2017-02-16 11:31:57 -0700
Processing by Rails::WelcomeController#index as HTML
  Parameters: {"internal"=>true}
  Rendering c:/RailsInstaller/Ruby2.3.0/lib/ruby/gems/2.3.0/gems/railties-5.0.1/lib/rails/templates/rails/welcome/index.html.erb
  Rendered c:/RailsInstaller/Ruby2.3.0/lib/ruby/gems/2.3.0/gems/railties-5.0.1/lib/rails/templates/rails/welcome/index.html.erb (5.0ms)
Completed 200 OK in 90ms (Views: 47.9ms | ActiveRecord: 0.0ms)


Started GET "/" for 127.0.0.1 at 2017-02-16 11:53:58 -0700
Processing by Rails::WelcomeController#index as HTML
  Parameters: {"internal"=>true}
  Rendering c:/RailsInstaller/Ruby2.3.0/lib/ruby/gems/2.3.0/gems/railties-5.0.1/lib/rails/templates/rails/welcome/index.html.erb
  Rendered c:/RailsInstaller/Ruby2.3.0/lib/ruby/gems/2.3.0/gems/railties-5.0.1/lib/rails/templates/rails/welcome/index.html.erb (14.0ms)
Completed 200 OK in 127ms (Views: 66.2ms | ActiveRecord: 0.0ms)


Started GET "/" for ::1 at 2017-02-17 09:51:23 -0700
Processing by Rails::WelcomeController#index as HTML
  Parameters: {"internal"=>true}
  Rendering c:/RailsInstaller/Ruby2.3.0/lib/ruby/gems/2.3.0/gems/railties-5.0.0/lib/rails/templates/rails/welcome/index.html.erb
  Rendered c:/RailsInstaller/Ruby2.3.0/lib/ruby/gems/2.3.0/gems/railties-5.0.0/lib/rails/templates/rails/welcome/index.html.erb (8.0ms)
Completed 200 OK in 147ms (Views: 83.9ms | ActiveRecord: 0.0ms)


Started GET "/" for ::1 at 2017-02-17 10:03:25 -0700
Processing by Rails::WelcomeController#index as HTML
  Parameters: {"internal"=>true}
  Rendering c:/RailsInstaller/Ruby2.3.0/lib/ruby/gems/2.3.0/gems/railties-5.0.0/lib/rails/templates/rails/welcome/index.html.erb
  Rendered c:/RailsInstaller/Ruby2.3.0/lib/ruby/gems/2.3.0/gems/railties-5.0.0/lib/rails/templates/rails/welcome/index.html.erb (19.0ms)
Completed 200 OK in 236ms (Views: 125.6ms | ActiveRecord: 0.0ms)


